app/build/intermediates/manifest_merge_blame_file/debug/processDebugMainManifest/manifest-merger-blame-debug-report.txt
1<?xml version="1.0" encoding="utf-8"?>
2<manifest xmlns:android="http://schemas.android.com/apk/res/android"
3    package="com.example.memoreels"
4    android:versionCode="1"
5    android:versionName="1.0" >
6
7    <uses-sdk
8        android:minSdkVersion="26"
9        android:targetSdkVersion="34" />
10
11    <!-- No INTERNET - Privacy-first local-only app -->
12    <uses-permission android:name="android.permission.READ_MEDIA_VIDEO" />
12-->src/main/AndroidManifest.xml:6:5-75
12-->src/main/AndroidManifest.xml:6:22-72
13    <uses-permission android:name="android.permission.READ_MEDIA_IMAGES" />
13-->src/main/AndroidManifest.xml:7:5-76
13-->src/main/AndroidManifest.xml:7:22-73
14    <uses-permission
14-->src/main/AndroidManifest.xml:8:5-107
15        android:name="android.permission.READ_EXTERNAL_STORAGE"
15-->src/main/AndroidManifest.xml:8:22-77
16        android:maxSdkVersion="32" />
16-->src/main/AndroidManifest.xml:8:78-104
17    <uses-permission android:name="android.permission.VIBRATE" />
17-->src/main/AndroidManifest.xml:9:5-66
17-->src/main/AndroidManifest.xml:9:22-63
18    <uses-permission android:name="android.permission.RECORD_AUDIO" />
18-->src/main/AndroidManifest.xml:10:5-71
18-->src/main/AndroidManifest.xml:10:22-68
19    <uses-permission android:name="android.permission.ACCESS_MEDIA_LOCATION" />
19-->src/main/AndroidManifest.xml:11:5-80
19-->src/main/AndroidManifest.xml:11:22-77
20    <!-- Nearby Connections for peer-to-peer sharing -->
21    <uses-permission
21-->src/main/AndroidManifest.xml:13:5-95
22        android:name="android.permission.BLUETOOTH"
22-->src/main/AndroidManifest.xml:13:22-65
23        android:maxSdkVersion="30" />
23-->src/main/AndroidManifest.xml:13:66-92
24    <uses-permission
24-->src/main/AndroidManifest.xml:14:5-101
25        android:name="android.permission.BLUETOOTH_ADMIN"
25-->src/main/AndroidManifest.xml:14:22-71
26        android:maxSdkVersion="30" />
26-->src/main/AndroidManifest.xml:14:72-98
27    <uses-permission android:name="android.permission.BLUETOOTH_ADVERTISE" />
27-->src/main/AndroidManifest.xml:15:5-78
27-->src/main/AndroidManifest.xml:15:22-75
28    <uses-permission android:name="android.permission.BLUETOOTH_CONNECT" />
28-->src/main/AndroidManifest.xml:16:5-76
28-->src/main/AndroidManifest.xml:16:22-73
29    <uses-permission android:name="android.permission.BLUETOOTH_SCAN" />
29-->src/main/AndroidManifest.xml:17:5-73
29-->src/main/AndroidManifest.xml:17:22-70
30    <uses-permission android:name="android.permission.ACCESS_WIFI_STATE" />
30-->src/main/AndroidManifest.xml:18:5-76
30-->src/main/AndroidManifest.xml:18:22-73
31    <uses-permission android:name="android.permission.CHANGE_WIFI_STATE" />
31-->src/main/AndroidManifest.xml:19:5-76
31-->src/main/AndroidManifest.xml:19:22-73
32    <uses-permission android:name="android.permission.ACCESS_COARSE_LOCATION" />
32-->src/main/AndroidManifest.xml:20:5-81
32-->src/main/AndroidManifest.xml:20:22-78
33    <uses-permission android:name="android.permission.ACCESS_FINE_LOCATION" />
33-->src/main/AndroidManifest.xml:21:5-79
33-->src/main/AndroidManifest.xml:21:22-76
34    <uses-permission android:name="android.permission.NEARBY_WIFI_DEVICES" />
34-->src/main/AndroidManifest.xml:22:5-78
34-->src/main/AndroidManifest.xml:22:22-75
35    <uses-permission android:name="android.permission.WAKE_LOCK" />
35-->[androidx.work:work-runtime:2.9.0] AndroidManifest.xml:23:5-68
35-->[androidx.work:work-runtime:2.9.0] AndroidManifest.xml:23:22-65
36    <uses-permission android:name="android.permission.ACCESS_NETWORK_STATE" />
36-->[androidx.work:work-runtime:2.9.0] AndroidManifest.xml:24:5-79
36-->[androidx.work:work-runtime:2.9.0] AndroidManifest.xml:24:22-76
37    <uses-permission android:name="android.permission.RECEIVE_BOOT_COMPLETED" />
37-->[androidx.work:work-runtime:2.9.0] AndroidManifest.xml:25:5-81
37-->[androidx.work:work-runtime:2.9.0] AndroidManifest.xml:25:22-78
38    <uses-permission android:name="android.permission.FOREGROUND_SERVICE" />
38-->[androidx.work:work-runtime:2.9.0] AndroidManifest.xml:26:5-77
38-->[androidx.work:work-runtime:2.9.0] AndroidManifest.xml:26:22-74
39    <uses-permission android:name="android.permission.INTERNET" />
39-->[com.google.mlkit:vision-internal-vkp:18.2.2] AndroidManifest.xml:8:5-67
39-->[com.google.mlkit:vision-internal-vkp:18.2.2] AndroidManifest.xml:8:22-64
40
41    <permission
41-->[androidx.core:core:1.12.0] AndroidManifest.xml:22:5-24:47
42        android:name="com.example.memoreels.DYNAMIC_RECEIVER_NOT_EXPORTED_PERMISSION"
42-->[androidx.core:core:1.12.0] AndroidManifest.xml:23:9-81
43        android:protectionLevel="signature" />
43-->[androidx.core:core:1.12.0] AndroidManifest.xml:24:9-44
44
45    <uses-permission android:name="com.example.memoreels.DYNAMIC_RECEIVER_NOT_EXPORTED_PERMISSION" />
45-->[androidx.core:core:1.12.0] AndroidManifest.xml:26:5-97
45-->[androidx.core:core:1.12.0] AndroidManifest.xml:26:22-94
46
47    <application
47-->src/main/AndroidManifest.xml:24:5-65:19
48        android:name="com.example.memoreels.MemoReelsApplication"
48-->src/main/AndroidManifest.xml:25:9-45
49        android:allowBackup="true"
49-->src/main/AndroidManifest.xml:26:9-35
50        android:appComponentFactory="androidx.core.app.CoreComponentFactory"
50-->[androidx.core:core:1.12.0] AndroidManifest.xml:28:18-86
51        android:debuggable="true"
52        android:extractNativeLibs="false"
53        android:icon="@mipmap/ic_launcher"
53-->src/main/AndroidManifest.xml:27:9-43
54        android:label="@string/app_name"
54-->src/main/AndroidManifest.xml:28:9-41
55        android:roundIcon="@mipmap/ic_launcher_round"
55-->src/main/AndroidManifest.xml:29:9-54
56        android:supportsRtl="true"
56-->src/main/AndroidManifest.xml:30:9-35
57        android:theme="@style/Theme.MemoREELS" >
57-->src/main/AndroidManifest.xml:31:9-47
58        <activity
58-->src/main/AndroidManifest.xml:32:9-41:20
59            android:name="com.example.memoreels.ui.MainActivity"
59-->src/main/AndroidManifest.xml:33:13-44
60            android:exported="true"
60-->src/main/AndroidManifest.xml:34:13-36
61            android:screenOrientation="portrait"
61-->src/main/AndroidManifest.xml:35:13-49
62            android:theme="@style/Theme.MemoREELS" >
62-->src/main/AndroidManifest.xml:36:13-51
63            <intent-filter>
63-->src/main/AndroidManifest.xml:37:13-40:29
64                <action android:name="android.intent.action.MAIN" />
64-->src/main/AndroidManifest.xml:38:17-69
64-->src/main/AndroidManifest.xml:38:25-66
65
66                <category android:name="android.intent.category.LAUNCHER" />
66-->src/main/AndroidManifest.xml:39:17-77
66-->src/main/AndroidManifest.xml:39:27-74
67            </intent-filter>
68        </activity>
69        <!-- Daily Memory Widget -->
70        <receiver
70-->src/main/AndroidManifest.xml:43:9-52:20
71            android:name="com.example.memoreels.widget.DailyMemoryWidgetReceiver"
71-->src/main/AndroidManifest.xml:44:13-61
72            android:exported="true" >
72-->src/main/AndroidManifest.xml:45:13-36
73            <intent-filter>
73-->src/main/AndroidManifest.xml:46:13-48:29
74                <action android:name="android.appwidget.action.APPWIDGET_UPDATE" />
74-->src/main/AndroidManifest.xml:47:17-84
74-->src/main/AndroidManifest.xml:47:25-81
75            </intent-filter>
76
77            <meta-data
77-->src/main/AndroidManifest.xml:49:13-51:68
78                android:name="android.appwidget.provider"
78-->src/main/AndroidManifest.xml:50:17-58
79                android:resource="@xml/daily_memory_widget_info" />
79-->src/main/AndroidManifest.xml:51:17-65
80        </receiver>
81
82        <!-- HiltWorker initializer -->
83        <provider
84            android:name="androidx.startup.InitializationProvider"
84-->src/main/AndroidManifest.xml:56:13-67
85            android:authorities="com.example.memoreels.androidx-startup"
85-->src/main/AndroidManifest.xml:57:13-68
86            android:exported="false" >
86-->src/main/AndroidManifest.xml:58:13-37
87            <meta-data
87-->[androidx.emoji2:emoji2:1.3.0] AndroidManifest.xml:29:13-31:52
88                android:name="androidx.emoji2.text.EmojiCompatInitializer"
88-->[androidx.emoji2:emoji2:1.3.0] AndroidManifest.xml:30:17-75
89                android:value="androidx.startup" />
89-->[androidx.emoji2:emoji2:1.3.0] AndroidManifest.xml:31:17-49
90            <meta-data
90-->[androidx.lifecycle:lifecycle-process:2.7.0] AndroidManifest.xml:29:13-31:52
91                android:name="androidx.lifecycle.ProcessLifecycleInitializer"
91-->[androidx.lifecycle:lifecycle-process:2.7.0] AndroidManifest.xml:30:17-78
92                android:value="androidx.startup" />
92-->[androidx.lifecycle:lifecycle-process:2.7.0] AndroidManifest.xml:31:17-49
93            <meta-data
93-->[androidx.profileinstaller:profileinstaller:1.3.1] AndroidManifest.xml:29:13-31:52
94                android:name="androidx.profileinstaller.ProfileInstallerInitializer"
94-->[androidx.profileinstaller:profileinstaller:1.3.1] AndroidManifest.xml:30:17-85
95                android:value="androidx.startup" />
95-->[androidx.profileinstaller:profileinstaller:1.3.1] AndroidManifest.xml:31:17-49
96        </provider>
97
98        <activity
98-->[androidx.glance:glance-appwidget:1.0.0] AndroidManifest.xml:23:9-27:40
99            android:name="androidx.glance.appwidget.action.ActionTrampolineActivity"
99-->[androidx.glance:glance-appwidget:1.0.0] AndroidManifest.xml:24:13-85
100            android:enabled="true"
100-->[androidx.glance:glance-appwidget:1.0.0] AndroidManifest.xml:25:13-35
101            android:excludeFromRecents="true"
101-->[androidx.glance:glance-appwidget:1.0.0] AndroidManifest.xml:26:13-46
102            android:exported="false" />
102-->[androidx.glance:glance-appwidget:1.0.0] AndroidManifest.xml:27:13-37
103        <activity
103-->[androidx.glance:glance-appwidget:1.0.0] AndroidManifest.xml:28:9-35:81
104            android:name="androidx.glance.appwidget.action.InvisibleActionTrampolineActivity"
104-->[androidx.glance:glance-appwidget:1.0.0] AndroidManifest.xml:29:13-94
105            android:enabled="true"
105-->[androidx.glance:glance-appwidget:1.0.0] AndroidManifest.xml:30:13-35
106            android:exported="false"
106-->[androidx.glance:glance-appwidget:1.0.0] AndroidManifest.xml:31:13-37
107            android:launchMode="singleInstance"
107-->[androidx.glance:glance-appwidget:1.0.0] AndroidManifest.xml:32:13-48
108            android:noHistory="true"
108-->[androidx.glance:glance-appwidget:1.0.0] AndroidManifest.xml:33:13-37
109            android:taskAffinity="androidx.glance.appwidget.ListAdapterCallbackTrampoline"
109-->[androidx.glance:glance-appwidget:1.0.0] AndroidManifest.xml:34:13-91
110            android:theme="@style/Widget.Glance.AppWidget.CallbackTrampoline" />
110-->[androidx.glance:glance-appwidget:1.0.0] AndroidManifest.xml:35:13-78
111
112        <receiver
112-->[androidx.glance:glance-appwidget:1.0.0] AndroidManifest.xml:37:9-40:40
113            android:name="androidx.glance.appwidget.action.ActionCallbackBroadcastReceiver"
113-->[androidx.glance:glance-appwidget:1.0.0] AndroidManifest.xml:38:13-92
114            android:enabled="true"
114-->[androidx.glance:glance-appwidget:1.0.0] AndroidManifest.xml:39:13-35
115            android:exported="false" />
115-->[androidx.glance:glance-appwidget:1.0.0] AndroidManifest.xml:40:13-37
116        <receiver
116-->[androidx.glance:glance-appwidget:1.0.0] AndroidManifest.xml:41:9-48:20
117            android:name="androidx.glance.appwidget.MyPackageReplacedReceiver"
117-->[androidx.glance:glance-appwidget:1.0.0] AndroidManifest.xml:42:13-79
118            android:enabled="true"
118-->[androidx.glance:glance-appwidget:1.0.0] AndroidManifest.xml:43:13-35
119            android:exported="false" >
119-->[androidx.glance:glance-appwidget:1.0.0] AndroidManifest.xml:44:13-37
120            <intent-filter>
120-->[androidx.glance:glance-appwidget:1.0.0] AndroidManifest.xml:45:13-47:29
121                <action android:name="android.intent.action.MY_PACKAGE_REPLACED" />
121-->[androidx.glance:glance-appwidget:1.0.0] AndroidManifest.xml:46:17-84
121-->[androidx.glance:glance-appwidget:1.0.0] AndroidManifest.xml:46:25-81
122            </intent-filter>
123        </receiver>
124
125        <service
125-->[androidx.glance:glance-appwidget:1.0.0] AndroidManifest.xml:50:9-53:72
126            android:name="androidx.glance.appwidget.GlanceRemoteViewsService"
126-->[androidx.glance:glance-appwidget:1.0.0] AndroidManifest.xml:51:13-78
127            android:exported="true"
127-->[androidx.glance:glance-appwidget:1.0.0] AndroidManifest.xml:52:13-36
128            android:permission="android.permission.BIND_REMOTEVIEWS" />
128-->[androidx.glance:glance-appwidget:1.0.0] AndroidManifest.xml:53:13-69
129        <service
129-->[androidx.work:work-runtime:2.9.0] AndroidManifest.xml:39:9-45:35
130            android:name="androidx.work.impl.background.systemalarm.SystemAlarmService"
130-->[androidx.work:work-runtime:2.9.0] AndroidManifest.xml:40:13-88
131            android:directBootAware="false"
131-->[androidx.work:work-runtime:2.9.0] AndroidManifest.xml:41:13-44
132            android:enabled="@bool/enable_system_alarm_service_default"
132-->[androidx.work:work-runtime:2.9.0] AndroidManifest.xml:42:13-72
133            android:exported="false" />
133-->[androidx.work:work-runtime:2.9.0] AndroidManifest.xml:43:13-37
134        <service
134-->[androidx.work:work-runtime:2.9.0] AndroidManifest.xml:46:9-52:35
135            android:name="androidx.work.impl.background.systemjob.SystemJobService"
135-->[androidx.work:work-runtime:2.9.0] AndroidManifest.xml:47:13-84
136            android:directBootAware="false"
136-->[androidx.work:work-runtime:2.9.0] AndroidManifest.xml:48:13-44
137            android:enabled="@bool/enable_system_job_service_default"
137-->[androidx.work:work-runtime:2.9.0] AndroidManifest.xml:49:13-70
138            android:exported="true"
138-->[androidx.work:work-runtime:2.9.0] AndroidManifest.xml:50:13-36
139            android:permission="android.permission.BIND_JOB_SERVICE" />
139-->[androidx.work:work-runtime:2.9.0] AndroidManifest.xml:51:13-69
140        <service
140-->[androidx.work:work-runtime:2.9.0] AndroidManifest.xml:53:9-59:35
141            android:name="androidx.work.impl.foreground.SystemForegroundService"
141-->[androidx.work:work-runtime:2.9.0] AndroidManifest.xml:54:13-81
142            android:directBootAware="false"
142-->[androidx.work:work-runtime:2.9.0] AndroidManifest.xml:55:13-44
143            android:enabled="@bool/enable_system_foreground_service_default"
143-->[androidx.work:work-runtime:2.9.0] AndroidManifest.xml:56:13-77
144            android:exported="false" />
144-->[androidx.work:work-runtime:2.9.0] AndroidManifest.xml:57:13-37
145
146        <receiver
146-->[androidx.work:work-runtime:2.9.0] AndroidManifest.xml:61:9-66:35
147            android:name="androidx.work.impl.utils.ForceStopRunnable$BroadcastReceiver"
147-->[androidx.work:work-runtime:2.9.0] AndroidManifest.xml:62:13-88
148            android:directBootAware="false"
148-->[androidx.work:work-runtime:2.9.0] AndroidManifest.xml:63:13-44
149            android:enabled="true"
149-->[androidx.work:work-runtime:2.9.0] AndroidManifest.xml:64:13-35
150            android:exported="false" />
150-->[androidx.work:work-runtime:2.9.0] AndroidManifest.xml:65:13-37
151        <receiver
151-->[androidx.work:work-runtime:2.9.0] AndroidManifest.xml:67:9-77:20
152            android:name="androidx.work.impl.background.systemalarm.ConstraintProxy$BatteryChargingProxy"
152-->[androidx.work:work-runtime:2.9.0] AndroidManifest.xml:68:13-106
153            android:directBootAware="false"
153-->[androidx.work:work-runtime:2.9.0] AndroidManifest.xml:69:13-44
154            android:enabled="false"
154-->[androidx.work:work-runtime:2.9.0] AndroidManifest.xml:70:13-36
155            android:exported="false" >
155-->[androidx.work:work-runtime:2.9.0] AndroidManifest.xml:71:13-37
156            <intent-filter>
156-->[androidx.work:work-runtime:2.9.0] AndroidManifest.xml:73:13-76:29
157                <action android:name="android.intent.action.ACTION_POWER_CONNECTED" />
157-->[androidx.work:work-runtime:2.9.0] AndroidManifest.xml:74:17-87
157-->[androidx.work:work-runtime:2.9.0] AndroidManifest.xml:74:25-84
158                <action android:name="android.intent.action.ACTION_POWER_DISCONNECTED" />
158-->[androidx.work:work-runtime:2.9.0] AndroidManifest.xml:75:17-90
158-->[androidx.work:work-runtime:2.9.0] AndroidManifest.xml:75:25-87
159            </intent-filter>
160        </receiver>
161        <receiver
161-->[androidx.work:work-runtime:2.9.0] AndroidManifest.xml:78:9-88:20
162            android:name="androidx.work.impl.background.systemalarm.ConstraintProxy$BatteryNotLowProxy"
162-->[androidx.work:work-runtime:2.9.0] AndroidManifest.xml:79:13-104
163            android:directBootAware="false"
163-->[androidx.work:work-runtime:2.9.0] AndroidManifest.xml:80:13-44
164            android:enabled="false"
164-->[androidx.work:work-runtime:2.9.0] AndroidManifest.xml:81:13-36
165            android:exported="false" >
165-->[androidx.work:work-runtime:2.9.0] AndroidManifest.xml:82:13-37
166            <intent-filter>
166-->[androidx.work:work-runtime:2.9.0] AndroidManifest.xml:84:13-87:29
167                <action android:name="android.intent.action.BATTERY_OKAY" />
167-->[androidx.work:work-runtime:2.9.0] AndroidManifest.xml:85:17-77
167-->[androidx.work:work-runtime:2.9.0] AndroidManifest.xml:85:25-74
168                <action android:name="android.intent.action.BATTERY_LOW" />
168-->[androidx.work:work-runtime:2.9.0] AndroidManifest.xml:86:17-76
168-->[androidx.work:work-runtime:2.9.0] AndroidManifest.xml:86:25-73
169            </intent-filter>
170        </receiver>
171        <receiver
171-->[androidx.work:work-runtime:2.9.0] AndroidManifest.xml:89:9-99:20
172            android:name="androidx.work.impl.background.systemalarm.ConstraintProxy$StorageNotLowProxy"
172-->[androidx.work:work-runtime:2.9.0] AndroidManifest.xml:90:13-104
173            android:directBootAware="false"
173-->[androidx.work:work-runtime:2.9.0] AndroidManifest.xml:91:13-44
174            android:enabled="false"
174-->[androidx.work:work-runtime:2.9.0] AndroidManifest.xml:92:13-36
175            android:exported="false" >
175-->[androidx.work:work-runtime:2.9.0] AndroidManifest.xml:93:13-37
176            <intent-filter>
176-->[androidx.work:work-runtime:2.9.0] AndroidManifest.xml:95:13-98:29
177                <action android:name="android.intent.action.DEVICE_STORAGE_LOW" />
177-->[androidx.work:work-runtime:2.9.0] AndroidManifest.xml:96:17-83
177-->[androidx.work:work-runtime:2.9.0] AndroidManifest.xml:96:25-80
178                <action android:name="android.intent.action.DEVICE_STORAGE_OK" />
178-->[androidx.work:work-runtime:2.9.0] AndroidManifest.xml:97:17-82
178-->[androidx.work:work-runtime:2.9.0] AndroidManifest.xml:97:25-79
179            </intent-filter>
180        </receiver>
181        <receiver
181-->[androidx.work:work-runtime:2.9.0] AndroidManifest.xml:100:9-109:20
182            android:name="androidx.work.impl.background.systemalarm.ConstraintProxy$NetworkStateProxy"
182-->[androidx.work:work-runtime:2.9.0] AndroidManifest.xml:101:13-103
183            android:directBootAware="false"
183-->[androidx.work:work-runtime:2.9.0] AndroidManifest.xml:102:13-44
184            android:enabled="false"
184-->[androidx.work:work-runtime:2.9.0] AndroidManifest.xml:103:13-36
185            android:exported="false" >
185-->[androidx.work:work-runtime:2.9.0] AndroidManifest.xml:104:13-37
186            <intent-filter>
186-->[androidx.work:work-runtime:2.9.0] AndroidManifest.xml:106:13-108:29
187                <action android:name="android.net.conn.CONNECTIVITY_CHANGE" />
187-->[androidx.work:work-runtime:2.9.0] AndroidManifest.xml:107:17-79
187-->[androidx.work:work-runtime:2.9.0] AndroidManifest.xml:107:25-76
188            </intent-filter>
189        </receiver>
190        <receiver
190-->[androidx.work:work-runtime:2.9.0] AndroidManifest.xml:110:9-121:20
191            android:name="androidx.work.impl.background.systemalarm.RescheduleReceiver"
191-->[androidx.work:work-runtime:2.9.0] AndroidManifest.xml:111:13-88
192            android:directBootAware="false"
192-->[androidx.work:work-runtime:2.9.0] AndroidManifest.xml:112:13-44
193            android:enabled="false"
193-->[androidx.work:work-runtime:2.9.0] AndroidManifest.xml:113:13-36
194            android:exported="false" >
194-->[androidx.work:work-runtime:2.9.0] AndroidManifest.xml:114:13-37
195            <intent-filter>
195-->[androidx.work:work-runtime:2.9.0] AndroidManifest.xml:116:13-120:29
196                <action android:name="android.intent.action.BOOT_COMPLETED" />
196-->[androidx.work:work-runtime:2.9.0] AndroidManifest.xml:117:17-79
196-->[androidx.work:work-runtime:2.9.0] AndroidManifest.xml:117:25-76
197                <action android:name="android.intent.action.TIME_SET" />
197-->[androidx.work:work-runtime:2.9.0] AndroidManifest.xml:118:17-73
197-->[androidx.work:work-runtime:2.9.0] AndroidManifest.xml:118:25-70
198                <action android:name="android.intent.action.TIMEZONE_CHANGED" />
198-->[androidx.work:work-runtime:2.9.0] AndroidManifest.xml:119:17-81
198-->[androidx.work:work-runtime:2.9.0] AndroidManifest.xml:119:25-78
199            </intent-filter>
200        </receiver>
201        <receiver
201-->[androidx.work:work-runtime:2.9.0] AndroidManifest.xml:122:9-131:20
202            android:name="androidx.work.impl.background.systemalarm.ConstraintProxyUpdateReceiver"
202-->[androidx.work:work-runtime:2.9.0] AndroidManifest.xml:123:13-99
203            android:directBootAware="false"
203-->[androidx.work:work-runtime:2.9.0] AndroidManifest.xml:124:13-44
204            android:enabled="@bool/enable_system_alarm_service_default"
204-->[androidx.work:work-runtime:2.9.0] AndroidManifest.xml:125:13-72
205            android:exported="false" >
205-->[androidx.work:work-runtime:2.9.0] AndroidManifest.xml:126:13-37
206            <intent-filter>
206-->[androidx.work:work-runtime:2.9.0] AndroidManifest.xml:128:13-130:29
207                <action android:name="androidx.work.impl.background.systemalarm.UpdateProxies" />
207-->[androidx.work:work-runtime:2.9.0] AndroidManifest.xml:129:17-98
207-->[androidx.work:work-runtime:2.9.0] AndroidManifest.xml:129:25-95
208            </intent-filter>
209        </receiver>
210        <receiver
210-->[androidx.work:work-runtime:2.9.0] AndroidManifest.xml:132:9-142:20
211            android:name="androidx.work.impl.diagnostics.DiagnosticsReceiver"
211-->[androidx.work:work-runtime:2.9.0] AndroidManifest.xml:133:13-78
212            android:directBootAware="false"
212-->[androidx.work:work-runtime:2.9.0] AndroidManifest.xml:134:13-44
213            android:enabled="true"
213-->[androidx.work:work-runtime:2.9.0] AndroidManifest.xml:135:13-35
214            android:exported="true"
214-->[androidx.work:work-runtime:2.9.0] AndroidManifest.xml:136:13-36
215            android:permission="android.permission.DUMP" >
215-->[androidx.work:work-runtime:2.9.0] AndroidManifest.xml:137:13-57
216            <intent-filter>
216-->[androidx.work:work-runtime:2.9.0] AndroidManifest.xml:139:13-141:29
217                <action android:name="androidx.work.diagnostics.REQUEST_DIAGNOSTICS" />
217-->[androidx.work:work-runtime:2.9.0] AndroidManifest.xml:140:17-88
217-->[androidx.work:work-runtime:2.9.0] AndroidManifest.xml:140:25-85
218            </intent-filter>
219        </receiver>
220
221        <service
221-->[androidx.room:room-runtime:2.6.1] AndroidManifest.xml:24:9-28:63
222            android:name="androidx.room.MultiInstanceInvalidationService"
222-->[androidx.room:room-runtime:2.6.1] AndroidManifest.xml:25:13-74
223            android:directBootAware="true"
223-->[androidx.room:room-runtime:2.6.1] AndroidManifest.xml:26:13-43
224            android:exported="false" />
224-->[androidx.room:room-runtime:2.6.1] AndroidManifest.xml:27:13-37
225        <service
225-->[com.google.android.gms:play-services-nearby:19.1.0] AndroidManifest.xml:10:9-13:105
226            android:name="com.google.android.gms.nearby.exposurenotification.WakeUpService"
226-->[com.google.android.gms:play-services-nearby:19.1.0] AndroidManifest.xml:11:13-92
227            android:exported="true"
227-->[com.google.android.gms:play-services-nearby:19.1.0] AndroidManifest.xml:12:13-36
228            android:permission="com.google.android.gms.nearby.exposurenotification.EXPOSURE_CALLBACK" />
228-->[com.google.android.gms:play-services-nearby:19.1.0] AndroidManifest.xml:13:13-102
229        <service
229-->[com.google.mlkit:image-labeling:17.0.8] AndroidManifest.xml:8:9-14:19
230            android:name="com.google.mlkit.common.internal.MlKitComponentDiscoveryService"
230-->[com.google.mlkit:image-labeling:17.0.8] AndroidManifest.xml:9:13-91
231            android:directBootAware="true"
231-->[com.google.mlkit:common:18.10.0] AndroidManifest.xml:17:13-43
232            android:exported="false" >
232-->[com.google.mlkit:image-labeling:17.0.8] AndroidManifest.xml:10:13-37
233            <meta-data
233-->[com.google.mlkit:image-labeling:17.0.8] AndroidManifest.xml:11:13-13:85
234                android:name="com.google.firebase.components:com.google.mlkit.vision.label.defaults.internal.BundledLabelRegistrar"
234-->[com.google.mlkit:image-labeling:17.0.8] AndroidManifest.xml:12:17-132
235                android:value="com.google.firebase.components.ComponentRegistrar" />
235-->[com.google.mlkit:image-labeling:17.0.8] AndroidManifest.xml:13:17-82
236            <meta-data
236-->[com.google.mlkit:vision-internal-vkp:18.2.2] AndroidManifest.xml:14:13-16:85
237                android:name="com.google.firebase.components:com.google.mlkit.vision.vkp.VkpRegistrar"
237-->[com.google.mlkit:vision-internal-vkp:18.2.2] AndroidManifest.xml:15:17-103
238                android:value="com.google.firebase.components.ComponentRegistrar" />
238-->[com.google.mlkit:vision-internal-vkp:18.2.2] AndroidManifest.xml:16:17-82
239            <meta-data
239-->[com.google.android.gms:play-services-mlkit-face-detection:17.1.0] AndroidManifest.xml:12:13-14:85
240                android:name="com.google.firebase.components:com.google.mlkit.vision.face.internal.FaceRegistrar"
240-->[com.google.android.gms:play-services-mlkit-face-detection:17.1.0] AndroidManifest.xml:13:17-114
241                android:value="com.google.firebase.components.ComponentRegistrar" />
241-->[com.google.android.gms:play-services-mlkit-face-detection:17.1.0] AndroidManifest.xml:14:17-82
242            <meta-data
242-->[com.google.mlkit:vision-common:17.3.0] AndroidManifest.xml:12:13-14:85
243                android:name="com.google.firebase.components:com.google.mlkit.vision.common.internal.VisionCommonRegistrar"
243-->[com.google.mlkit:vision-common:17.3.0] AndroidManifest.xml:13:17-124
244                android:value="com.google.firebase.components.ComponentRegistrar" />
244-->[com.google.mlkit:vision-common:17.3.0] AndroidManifest.xml:14:17-82
245            <meta-data
245-->[com.google.mlkit:common:18.10.0] AndroidManifest.xml:20:13-22:85
246                android:name="com.google.firebase.components:com.google.mlkit.common.internal.CommonComponentRegistrar"
246-->[com.google.mlkit:common:18.10.0] AndroidManifest.xml:21:17-120
247                android:value="com.google.firebase.components.ComponentRegistrar" />
247-->[com.google.mlkit:common:18.10.0] AndroidManifest.xml:22:17-82
248        </service>
249
250        <provider
250-->[com.google.mlkit:common:18.10.0] AndroidManifest.xml:9:9-13:38
251            android:name="com.google.mlkit.common.internal.MlKitInitProvider"
251-->[com.google.mlkit:common:18.10.0] AndroidManifest.xml:10:13-78
252            android:authorities="com.example.memoreels.mlkitinitprovider"
252-->[com.google.mlkit:common:18.10.0] AndroidManifest.xml:11:13-69
253            android:exported="false"
253-->[com.google.mlkit:common:18.10.0] AndroidManifest.xml:12:13-37
254            android:initOrder="99" />
254-->[com.google.mlkit:common:18.10.0] AndroidManifest.xml:13:13-35
255
256        <activity
256-->[com.google.android.gms:play-services-base:18.1.0] AndroidManifest.xml:20:9-22:45
257            android:name="com.google.android.gms.common.api.GoogleApiActivity"
257-->[com.google.android.gms:play-services-base:18.1.0] AndroidManifest.xml:20:19-85
258            android:exported="false"
258-->[com.google.android.gms:play-services-base:18.1.0] AndroidManifest.xml:22:19-43
259            android:theme="@android:style/Theme.Translucent.NoTitleBar" />
259-->[com.google.android.gms:play-services-base:18.1.0] AndroidManifest.xml:21:19-78
260        <activity
260-->[androidx.compose.ui:ui-tooling-android:1.6.1] AndroidManifest.xml:23:9-25:39
261            android:name="androidx.compose.ui.tooling.PreviewActivity"
261-->[androidx.compose.ui:ui-tooling-android:1.6.1] AndroidManifest.xml:24:13-71
262            android:exported="true" />
262-->[androidx.compose.ui:ui-tooling-android:1.6.1] AndroidManifest.xml:25:13-36
263        <activity
263-->[androidx.compose.ui:ui-test-manifest:1.6.1] AndroidManifest.xml:23:9-25:39
264            android:name="androidx.activity.ComponentActivity"
264-->[androidx.compose.ui:ui-test-manifest:1.6.1] AndroidManifest.xml:24:13-63
265            android:exported="true" />
265-->[androidx.compose.ui:ui-test-manifest:1.6.1] AndroidManifest.xml:25:13-36
266
267        <meta-data
267-->[com.google.android.gms:play-services-basement:18.1.0] AndroidManifest.xml:21:9-23:69
268            android:name="com.google.android.gms.version"
268-->[com.google.android.gms:play-services-basement:18.1.0] AndroidManifest.xml:22:13-58